<?xml version="1.0" encoding="UTF-8"?>
<!-- Generated by org.testng.reporters.JUnitReportReporter -->
<testsuite hostname="OnursPC" failures="0" tests="1" name="homework_5_7th_2023.Brave_Browser" time="1.188" errors="0" timestamp="2023-05-11T23:09:25 EDT" skipped="0">
  <testcase classname="homework_5_7th_2023.Brave_Browser" name="codingInBraveBrowser" time="1.188"/>
  <system-out/>
</testsuite> <!-- homework_5_7th_2023.Brave_Browser -->
