<?xml version="1.0" encoding="UTF-8"?>
<!-- Generated by org.testng.reporters.JUnitReportReporter -->
<testsuite hostname="OnursPC" failures="0" tests="4" name="homework_5_7th_2023.MakeMyTrip_TestCases" time="41.820" errors="0" timestamp="2023-05-21T13:30:00 EDT" skipped="0">
  <testcase classname="homework_5_7th_2023.MakeMyTrip_TestCases" name="chooseFromMiami" time="15.341"/>
  <system-out/>
  <testcase classname="homework_5_7th_2023.MakeMyTrip_TestCases" name="choosetoMunich" time="9.341"/>
  <system-out/>
  <testcase classname="homework_5_7th_2023.MakeMyTrip_TestCases" name="bothChooseAndToInTheSameTestCase" time="13.987"/>
  <system-out/>
  <testcase classname="homework_5_7th_2023.MakeMyTrip_TestCases" name="chooseDeparture" time="3.151"/>
  <system-out/>
</testsuite> <!-- homework_5_7th_2023.MakeMyTrip_TestCases -->
