<?xml version="1.0" encoding="UTF-8"?>
<!-- Generated by org.testng.reporters.JUnitReportReporter -->
<testsuite hostname="OnursPC" failures="0" tests="3" name="homework_5_7th_2023.Data_Driven_Test_Cases" time="21.362" errors="0" timestamp="2023-05-09T22:21:27 EDT" skipped="0">
  <testcase classname="homework_5_7th_2023.Data_Driven_Test_Cases" name="loginTestForTN" time="7.782"/>
  <system-out/>
  <testcase classname="homework_5_7th_2023.Data_Driven_Test_Cases" name="loginTestForTN" time="6.903"/>
  <system-out/>
  <testcase classname="homework_5_7th_2023.Data_Driven_Test_Cases" name="loginTestForTN" time="6.677"/>
  <system-out/>
</testsuite> <!-- homework_5_7th_2023.Data_Driven_Test_Cases -->
