<?xml version="1.0" encoding="UTF-8"?>
<!-- Generated by org.testng.reporters.JUnitReportReporter -->
<testsuite hostname="OnursPC" failures="0" tests="2" name="homework_5_7th_2023.Headless_Mode" time="21.294" errors="0" timestamp="2023-06-29T23:23:24 EDT" skipped="0">
  <testcase classname="homework_5_7th_2023.Headless_Mode" name="headlessMode" time="9.968"/>
  <system-out/>
  <testcase classname="homework_5_7th_2023.Headless_Mode" name="headlessModeInFirefox" time="11.326"/>
  <system-out/>
</testsuite> <!-- homework_5_7th_2023.Headless_Mode -->
