<?xml version="1.0" encoding="UTF-8"?>
<!-- Generated by org.testng.reporters.JUnitReportReporter -->
<testsuite hostname="OnursPC" failures="0" tests="1" name="homework_5_7th_2023.Response_Code" time="5.527" errors="0" timestamp="2023-05-20T19:55:44 EDT" skipped="0">
  <testcase classname="homework_5_7th_2023.Response_Code" name="determineResponseCode" time="5.527"/>
  <system-out/>
</testsuite> <!-- homework_5_7th_2023.Response_Code -->
