<?xml version="1.0" encoding="UTF-8"?>
<!-- Generated by org.testng.reporters.JUnitReportReporter -->
<testsuite hostname="OnursPC" failures="0" tests="1" name="com.testngcode_MultipleBrowser.Zoom_In_Out" time="10.803" errors="0" timestamp="2023-05-06T12:43:11 EDT" skipped="0">
  <testcase classname="com.testngcode_MultipleBrowser.Zoom_In_Out" name="zoom" time="10.803"/>
  <system-out/>
</testsuite> <!-- com.testngcode_MultipleBrowser.Zoom_In_Out -->
