<?xml version="1.0" encoding="UTF-8"?>
<!-- Generated by org.testng.reporters.JUnitReportReporter -->
<testsuite hostname="OnursPC" failures="0" tests="2" name="homework_5_7th_2023.Priceline_Framework" time="12.442" errors="0" timestamp="2023-05-28T20:16:46 EDT" skipped="0">
  <testcase classname="homework_5_7th_2023.Priceline_Framework" name="clickingSignInButton" time="6.573"/>
  <system-out/>
  <testcase classname="homework_5_7th_2023.Priceline_Framework" name="loginWithValidEmailandPassword" time="5.869"/>
  <system-out/>
</testsuite> <!-- homework_5_7th_2023.Priceline_Framework -->
