<?xml version="1.0" encoding="UTF-8"?>
<!-- Generated by org.testng.reporters.JUnitReportReporter -->
<testsuite hostname="OnursPC" failures="0" tests="1" name="BrabeBrowser" time="1.769" errors="0" timestamp="2023-05-06T10:28:35 EDT" skipped="0">
  <testcase classname="BrabeBrowser" name="codeInBraveBrowser" time="1.769"/>
  <system-out/>
</testsuite> <!-- BrabeBrowser -->
