<?xml version="1.0" encoding="UTF-8"?>
<!-- Generated by org.testng.reporters.JUnitReportReporter -->
<testsuite hostname="OnursPC" failures="0" tests="2" name="com.testngcode_MultipleBrowser.Headless_Mode" time="17.394" errors="0" timestamp="2023-05-06T13:56:24 EDT" skipped="0">
  <testcase classname="com.testngcode_MultipleBrowser.Headless_Mode" name="chromeBrowserHeadlessMode" time="10.091"/>
  <system-out/>
  <testcase classname="com.testngcode_MultipleBrowser.Headless_Mode" name="fireFoxBrowserHeadlessMode" time="7.303"/>
  <system-out/>
</testsuite> <!-- com.testngcode_MultipleBrowser.Headless_Mode -->
