<?xml version="1.0" encoding="UTF-8"?>
<!-- Generated by org.testng.reporters.JUnitReportReporter -->
<testsuite hostname="OnursPC" failures="0" tests="1" name="com.testngcode_MultipleBrowser.BraveBrowser" time="2.065" errors="0" timestamp="2023-05-07T22:01:24 EDT" skipped="0">
  <testcase classname="com.testngcode_MultipleBrowser.BraveBrowser" name="codeInBraveBrowser" time="2.065"/>
  <system-out/>
</testsuite> <!-- com.testngcode_MultipleBrowser.BraveBrowser -->
