<?xml version="1.0" encoding="UTF-8"?>
<!-- Generated by org.testng.reporters.JUnitReportReporter -->
<testsuite hostname="OnursPC" failures="0" tests="1" name="homework_5_7th_2023.Zoom_In_Out" time="10.549" errors="0" timestamp="2023-05-12T23:41:35 EDT" skipped="0">
  <testcase classname="homework_5_7th_2023.Zoom_In_Out" name="zoom" time="10.549"/>
  <system-out/>
</testsuite> <!-- homework_5_7th_2023.Zoom_In_Out -->
