<?xml version="1.0" encoding="UTF-8"?>
<!-- Generated by org.testng.reporters.JUnitReportReporter -->
<testsuite hostname="OnursPC" failures="0" tests="1" name="com.testngcode_MultipleBrowser.Mulitple_WebElements" time="4.940" errors="0" timestamp="2023-05-07T11:19:14 EDT" skipped="0">
  <testcase classname="com.testngcode_MultipleBrowser.Mulitple_WebElements" name="bbcNewsChannel" time="4.940"/>
  <system-out/>
</testsuite> <!-- com.testngcode_MultipleBrowser.Mulitple_WebElements -->
