<?xml version="1.0" encoding="UTF-8"?>
<!-- Generated by org.testng.reporters.JUnitReportReporter -->
<testsuite hostname="OnursPC" failures="0" tests="3" name="homework_5_7th_2023.NBAcom_parallel" time="53.455" errors="0" timestamp="2023-05-20T20:27:19 EDT" skipped="0">
  <testcase classname="homework_5_7th_2023.NBAcom_parallel" name="setUp" time="16.252"/>
  <system-out/>
  <testcase classname="homework_5_7th_2023.NBAcom_parallel" name="setUp" time="15.058"/>
  <system-out/>
  <testcase classname="homework_5_7th_2023.NBAcom_parallel" name="setUp" time="22.145"/>
  <system-out/>
</testsuite> <!-- homework_5_7th_2023.NBAcom_parallel -->
