<?xml version="1.0" encoding="UTF-8"?>
<!-- Generated by org.testng.reporters.JUnitReportReporter -->
<testsuite hostname="OnursPC" failures="0" tests="1" name="com.testngcode_MultipleBrowser.ToolTip" time="4.943" errors="0" timestamp="2023-05-06T12:35:59 EDT" skipped="0">
  <testcase classname="com.testngcode_MultipleBrowser.ToolTip" name="determineToolTips" time="4.943"/>
  <system-out/>
</testsuite> <!-- com.testngcode_MultipleBrowser.ToolTip -->
