<?xml version="1.0" encoding="UTF-8"?>
<!-- Generated by org.testng.reporters.JUnitReportReporter -->
<testsuite hostname="OnursPC" failures="0" tests="1" name="com.testngcode_MultipleBrowser.Rediff_Footerlink" time="4.270" errors="0" timestamp="2023-05-07T12:02:06 EDT" skipped="0">
  <testcase classname="com.testngcode_MultipleBrowser.Rediff_Footerlink" name="rediffFooterLink" time="4.270"/>
  <system-out/>
</testsuite> <!-- com.testngcode_MultipleBrowser.Rediff_Footerlink -->
