<?xml version="1.0" encoding="UTF-8"?>
<!-- Generated by org.testng.reporters.JUnitReportReporter -->
<testsuite hostname="OnursPC" failures="0" tests="2" name="homework_5_7th_2023.InfoBar_Disabling" time="25.861" errors="0" timestamp="2023-05-28T14:38:10 EDT" skipped="0">
  <testcase classname="homework_5_7th_2023.InfoBar_Disabling" name="disablingInfoBars" time="10.917"/>
  <system-out/>
  <testcase classname="homework_5_7th_2023.InfoBar_Disabling" name="disableInfoBarOnFirefoxBrowser" time="14.944"/>
  <system-out/>
</testsuite> <!-- homework_5_7th_2023.InfoBar_Disabling -->
