<?xml version="1.0" encoding="UTF-8"?>
<!-- Generated by org.testng.reporters.JUnitReportReporter -->
<testsuite hostname="OnursPC" failures="0" tests="1" name="homework_5_7th_2023.ToolTip" time="3.688" errors="0" timestamp="2023-05-08T23:22:40 EDT" skipped="0">
  <testcase classname="homework_5_7th_2023.ToolTip" name="determinigToolTips" time="3.688"/>
  <system-out/>
</testsuite> <!-- homework_5_7th_2023.ToolTip -->
